#
# There is insufficient memory for the Java Runtime Environment to continue.
# Native memory allocation (malloc) failed to allocate 2901024 bytes for Chunk::new
# Possible reasons:
#   The system is out of physical RAM or swap space
#   The process is running with CompressedOops enabled, and the Java Heap may be blocking the growth of the native heap
# Possible solutions:
#   Reduce memory load on the system
#   Increase physical memory or swap space
#   Check if swap backing store is full
#   Decrease Java heap size (-Xmx/-Xms)
#   Decrease number of Java threads
#   Decrease Java thread stack sizes (-Xss)
#   Set larger code cache with -XX:ReservedCodeCacheSize=
#   JVM is running with Zero Based Compressed Oops mode in which the Java heap is
#     placed in the first 32GB address space. The Java Heap base address is the
#     maximum limit for the native heap growth. Please use -XX:HeapBaseMinAddress
#     to set the Java Heap base and to place the Java Heap above 32GB virtual address.
# This output file may be truncated or incomplete.
#
#  Out of Memory Error (arena.cpp:191), pid=34200, tid=5332
#
# JRE version: OpenJDK Runtime Environment Temurin-17.0.10+7 (17.0.10+7) (build 17.0.10+7)
# Java VM: OpenJDK 64-Bit Server VM Temurin-17.0.10+7 (17.0.10+7, mixed mode, tiered, compressed oops, compressed class ptrs, g1 gc, windows-amd64)
# No core dump will be written. Minidumps are not enabled by default on client versions of Windows
#

---------------  S U M M A R Y ------------

Command Line: -XX:+ShowCodeDetailsInExceptionMessages com.example.online_learning_platform.OnlineLearningPlatformApplication

Host: Intel(R) Core(TM) i7-10750H CPU @ 2.60GHz, 12 cores, 15G,  Windows 11 , 64 bit Build 22621 (10.0.22621.3374)
Time: Fri May 10 18:20:19 2024 Egypt Daylight Time elapsed time: 19.368994 seconds (0d 0h 0m 19s)

---------------  T H R E A D  ---------------

Current thread (0x0000021f8c288270):  JavaThread "C2 CompilerThread2" daemon [_thread_in_native, id=5332, stack(0x000000f2e6a00000,0x000000f2e6b00000)]


Current CompileTask:
C2:  19369 4349   !   4       org.springframework.core.annotation.AnnotationsScanner::processMethodHierarchy (276 bytes)

Stack: [0x000000f2e6a00000,0x000000f2e6b00000]
Native frames: (J=compiled Java code, j=interpreted, Vv=VM code, C=native code)
V  [jvm.dll+0x67d2c9]
V  [jvm.dll+0x834afa]
V  [jvm.dll+0x8365be]
V  [jvm.dll+0x836c23]
V  [jvm.dll+0x2477ff]
V  [jvm.dll+0xac514]
V  [jvm.dll+0xacb5c]
V  [jvm.dll+0x3667d7]
V  [jvm.dll+0x1bcf72]
V  [jvm.dll+0x21a049]
V  [jvm.dll+0x219311]
V  [jvm.dll+0x1a502d]
V  [jvm.dll+0x2290de]
V  [jvm.dll+0x2272ac]
V  [jvm.dll+0x7e9bb7]
V  [jvm.dll+0x7e3fba]
V  [jvm.dll+0x67c1b5]
C  [ucrtbase.dll+0x29333]
C  [KERNEL32.DLL+0x1257d]
C  [ntdll.dll+0x5aa48]


---------------  P R O C E S S  ---------------

Threads class SMR info:
_java_thread_list=0x0000021f8c9d1880, length=19, elements={
0x0000021fe4f70a90, 0x0000021f8805d390, 0x0000021f8805de60, 0x0000021f88074d80,
0x0000021f88075850, 0x0000021f88076120, 0x0000021f880769f0, 0x0000021f880b1540,
0x0000021f880b1e50, 0x0000021f880b2760, 0x0000021f8820a310, 0x0000021f88210d30,
0x0000021f88a50580, 0x0000021f89c8c2b0, 0x0000021f88289af0, 0x0000021f8b453640,
0x0000021f8ae87030, 0x0000021f89a6efc0, 0x0000021f8c288270
}

Java Threads: ( => current thread )
  0x0000021fe4f70a90 JavaThread "main" [_thread_in_Java, id=8376, stack(0x000000f2e4500000,0x000000f2e4600000)]
  0x0000021f8805d390 JavaThread "Reference Handler" daemon [_thread_blocked, id=9672, stack(0x000000f2e4c00000,0x000000f2e4d00000)]
  0x0000021f8805de60 JavaThread "Finalizer" daemon [_thread_blocked, id=33520, stack(0x000000f2e4d00000,0x000000f2e4e00000)]
  0x0000021f88074d80 JavaThread "Signal Dispatcher" daemon [_thread_blocked, id=10804, stack(0x000000f2e4e00000,0x000000f2e4f00000)]
  0x0000021f88075850 JavaThread "Attach Listener" daemon [_thread_blocked, id=38192, stack(0x000000f2e4f00000,0x000000f2e5000000)]
  0x0000021f88076120 JavaThread "Service Thread" daemon [_thread_blocked, id=25608, stack(0x000000f2e5000000,0x000000f2e5100000)]
  0x0000021f880769f0 JavaThread "Monitor Deflation Thread" daemon [_thread_blocked, id=34040, stack(0x000000f2e5100000,0x000000f2e5200000)]
  0x0000021f880b1540 JavaThread "C2 CompilerThread0" daemon [_thread_in_native, id=2116, stack(0x000000f2e5200000,0x000000f2e5300000)]
  0x0000021f880b1e50 JavaThread "C1 CompilerThread0" daemon [_thread_blocked, id=33952, stack(0x000000f2e5300000,0x000000f2e5400000)]
  0x0000021f880b2760 JavaThread "Sweeper thread" daemon [_thread_blocked, id=27888, stack(0x000000f2e5400000,0x000000f2e5500000)]
  0x0000021f8820a310 JavaThread "Notification Thread" daemon [_thread_blocked, id=27952, stack(0x000000f2e5500000,0x000000f2e5600000)]
  0x0000021f88210d30 JavaThread "Common-Cleaner" daemon [_thread_blocked, id=27156, stack(0x000000f2e5700000,0x000000f2e5800000)]
  0x0000021f88a50580 JavaThread "C2 CompilerThread1" daemon [_thread_in_native, id=14272, stack(0x000000f2e5800000,0x000000f2e5900000)]
  0x0000021f89c8c2b0 JavaThread "Catalina-utility-1" [_thread_blocked, id=20668, stack(0x000000f2e6500000,0x000000f2e6600000)]
  0x0000021f88289af0 JavaThread "Catalina-utility-2" [_thread_blocked, id=38792, stack(0x000000f2e6600000,0x000000f2e6700000)]
  0x0000021f8b453640 JavaThread "container-0" [_thread_blocked, id=27992, stack(0x000000f2e6700000,0x000000f2e6800000)]
  0x0000021f8ae87030 JavaThread "HikariPool-1 housekeeper" daemon [_thread_blocked, id=10156, stack(0x000000f2e6800000,0x000000f2e6900000)]
  0x0000021f89a6efc0 JavaThread "HikariPool-1 connection adder" daemon [_thread_blocked, id=22260, stack(0x000000f2e6900000,0x000000f2e6a00000)]
=>0x0000021f8c288270 JavaThread "C2 CompilerThread2" daemon [_thread_in_native, id=5332, stack(0x000000f2e6a00000,0x000000f2e6b00000)]

Other Threads:
  0x0000021f88038b70 VMThread "VM Thread" [stack: 0x000000f2e4b00000,0x000000f2e4c00000] [id=31932]
  0x0000021f8820a7f0 WatcherThread [stack: 0x000000f2e5600000,0x000000f2e5700000] [id=38024]
  0x0000021fe4fe48e0 GCTaskThread "GC Thread#0" [stack: 0x000000f2e4600000,0x000000f2e4700000] [id=28528]
  0x0000021f88f61970 GCTaskThread "GC Thread#1" [stack: 0x000000f2e5900000,0x000000f2e5a00000] [id=1700]
  0x0000021f88f61c30 GCTaskThread "GC Thread#2" [stack: 0x000000f2e5a00000,0x000000f2e5b00000] [id=29992]
  0x0000021f88f06290 GCTaskThread "GC Thread#3" [stack: 0x000000f2e5b00000,0x000000f2e5c00000] [id=27728]
  0x0000021f88f06550 GCTaskThread "GC Thread#4" [stack: 0x000000f2e5c00000,0x000000f2e5d00000] [id=31184]
  0x0000021f88f06810 GCTaskThread "GC Thread#5" [stack: 0x000000f2e5d00000,0x000000f2e5e00000] [id=33760]
  0x0000021f88f06d10 GCTaskThread "GC Thread#6" [stack: 0x000000f2e5e00000,0x000000f2e5f00000] [id=37896]
  0x0000021f89671050 GCTaskThread "GC Thread#7" [stack: 0x000000f2e6000000,0x000000f2e6100000] [id=20540]
  0x0000021f8977e890 GCTaskThread "GC Thread#8" [stack: 0x000000f2e6100000,0x000000f2e6200000] [id=20544]
  0x0000021f89653850 GCTaskThread "GC Thread#9" [stack: 0x000000f2e6200000,0x000000f2e6300000] [id=25260]
  0x0000021fe4ff5480 ConcurrentGCThread "G1 Main Marker" [stack: 0x000000f2e4700000,0x000000f2e4800000] [id=27680]
  0x0000021fe4ff5ea0 ConcurrentGCThread "G1 Conc#0" [stack: 0x000000f2e4800000,0x000000f2e4900000] [id=29672]
  0x0000021f89841d70 ConcurrentGCThread "G1 Conc#1" [stack: 0x000000f2e6300000,0x000000f2e6400000] [id=17556]
  0x0000021f898438f0 ConcurrentGCThread "G1 Conc#2" [stack: 0x000000f2e6400000,0x000000f2e6500000] [id=20748]
  0x0000021fe500eb50 ConcurrentGCThread "G1 Refine#0" [stack: 0x000000f2e4900000,0x000000f2e4a00000] [id=2488]
  0x0000021ffee2d6d0 ConcurrentGCThread "G1 Service" [stack: 0x000000f2e4a00000,0x000000f2e4b00000] [id=30392]

Threads with active compile tasks:
C2 CompilerThread0    19494 4294       4       org.springframework.core.annotation.TypeMappedAnnotations::get (52 bytes)
C2 CompilerThread1    19494 4500       4       org.springframework.core.annotation.AnnotationsScanner::getBaseTypeMethods (145 bytes)
C2 CompilerThread2    19494 4349   !   4       org.springframework.core.annotation.AnnotationsScanner::processMethodHierarchy (276 bytes)

VM state: not at safepoint (normal execution)

VM Mutex/Monitor currently owned by a thread: None

Heap address: 0x0000000703a00000, size: 4038 MB, Compressed Oops mode: Zero based, Oop shift amount: 3

CDS archive(s) not mapped
Compressed class space mapped at: 0x0000000800000000-0x0000000840000000, reserved size: 1073741824
Narrow klass base: 0x0000000800000000, Narrow klass shift: 0, Narrow klass range: 0x40000000

GC Precious Log:
 CPUs: 12 total, 12 available
 Memory: 16145M
 Large Page Support: Disabled
 NUMA Support: Disabled
 Compressed Oops: Enabled (Zero based)
 Heap Region Size: 2M
 Heap Min Capacity: 8M
 Heap Initial Capacity: 254M
 Heap Max Capacity: 4038M
 Pre-touch: Disabled
 Parallel Workers: 10
 Concurrent Workers: 3
 Concurrent Refinement Workers: 10
 Periodic GC: Disabled

Heap:
 garbage-first heap   total 151552K, used 95291K [0x0000000703a00000, 0x0000000800000000)
  region size 2048K, 41 young (83968K), 1 survivors (2048K)
 Metaspace       used 55233K, committed 55616K, reserved 1114112K
  class space    used 7238K, committed 7424K, reserved 1048576K

Heap Regions: E=young(eden), S=young(survivor), O=old, HS=humongous(starts), HC=humongous(continues), CS=collection set, F=free, OA=open archive, CA=closed archive, TAMS=top-at-mark-start (previous, next)
|   0|0x0000000703a00000, 0x0000000703c00000, 0x0000000703c00000|100%| O|  |TAMS 0x0000000703c00000, 0x0000000703a00000| Untracked 
|   1|0x0000000703c00000, 0x0000000703e00000, 0x0000000703e00000|100%| O|  |TAMS 0x0000000703e00000, 0x0000000703c00000| Untracked 
|   2|0x0000000703e00000, 0x0000000704000000, 0x0000000704000000|100%| O|  |TAMS 0x0000000704000000, 0x0000000703e00000| Untracked 
|   3|0x0000000704000000, 0x0000000704200000, 0x0000000704200000|100%| O|  |TAMS 0x0000000704200000, 0x0000000704000000| Untracked 
|   4|0x0000000704200000, 0x0000000704400000, 0x0000000704400000|100%| O|  |TAMS 0x0000000704400000, 0x0000000704200000| Untracked 
|   5|0x0000000704400000, 0x0000000704600000, 0x0000000704600000|100%| O|  |TAMS 0x0000000704600000, 0x0000000704400000| Untracked 
|   6|0x0000000704600000, 0x00000007047d4000, 0x0000000704800000| 91%| O|  |TAMS 0x000000070466ea00, 0x0000000704600000| Untracked 
|   7|0x0000000704800000, 0x0000000704800000, 0x0000000704a00000|  0%| F|  |TAMS 0x0000000704800000, 0x0000000704800000| Untracked 
|   8|0x0000000704a00000, 0x0000000704a00000, 0x0000000704c00000|  0%| F|  |TAMS 0x0000000704a00000, 0x0000000704a00000| Untracked 
|   9|0x0000000704c00000, 0x0000000704c00000, 0x0000000704e00000|  0%| F|  |TAMS 0x0000000704c00000, 0x0000000704c00000| Untracked 
|  10|0x0000000704e00000, 0x0000000704e00000, 0x0000000705000000|  0%| F|  |TAMS 0x0000000704e00000, 0x0000000704e00000| Untracked 
|  11|0x0000000705000000, 0x000000070513aef8, 0x0000000705200000| 61%| S|CS|TAMS 0x0000000705000000, 0x0000000705000000| Complete 
|  12|0x0000000705200000, 0x0000000705200000, 0x0000000705400000|  0%| F|  |TAMS 0x0000000705200000, 0x0000000705200000| Untracked 
|  13|0x0000000705400000, 0x0000000705400000, 0x0000000705600000|  0%| F|  |TAMS 0x0000000705400000, 0x0000000705400000| Untracked 
|  14|0x0000000705600000, 0x0000000705600000, 0x0000000705800000|  0%| F|  |TAMS 0x0000000705600000, 0x0000000705600000| Untracked 
|  15|0x0000000705800000, 0x0000000705800000, 0x0000000705a00000|  0%| F|  |TAMS 0x0000000705800000, 0x0000000705800000| Untracked 
|  16|0x0000000705a00000, 0x0000000705a00000, 0x0000000705c00000|  0%| F|  |TAMS 0x0000000705a00000, 0x0000000705a00000| Untracked 
|  17|0x0000000705c00000, 0x0000000705c00000, 0x0000000705e00000|  0%| F|  |TAMS 0x0000000705c00000, 0x0000000705c00000| Untracked 
|  18|0x0000000705e00000, 0x0000000705e00000, 0x0000000706000000|  0%| F|  |TAMS 0x0000000705e00000, 0x0000000705e00000| Untracked 
|  19|0x0000000706000000, 0x0000000706000000, 0x0000000706200000|  0%| F|  |TAMS 0x0000000706000000, 0x0000000706000000| Untracked 
|  20|0x0000000706200000, 0x0000000706200000, 0x0000000706400000|  0%| F|  |TAMS 0x0000000706200000, 0x0000000706200000| Untracked 
|  21|0x0000000706400000, 0x0000000706400000, 0x0000000706600000|  0%| F|  |TAMS 0x0000000706400000, 0x0000000706400000| Untracked 
|  22|0x0000000706600000, 0x0000000706600000, 0x0000000706800000|  0%| F|  |TAMS 0x0000000706600000, 0x0000000706600000| Untracked 
|  23|0x0000000706800000, 0x0000000706800000, 0x0000000706a00000|  0%| F|  |TAMS 0x0000000706800000, 0x0000000706800000| Untracked 
|  24|0x0000000706a00000, 0x0000000706a00000, 0x0000000706c00000|  0%| F|  |TAMS 0x0000000706a00000, 0x0000000706a00000| Untracked 
|  25|0x0000000706c00000, 0x0000000706c00000, 0x0000000706e00000|  0%| F|  |TAMS 0x0000000706c00000, 0x0000000706c00000| Untracked 
|  26|0x0000000706e00000, 0x0000000706e00000, 0x0000000707000000|  0%| F|  |TAMS 0x0000000706e00000, 0x0000000706e00000| Untracked 
|  27|0x0000000707000000, 0x0000000707000000, 0x0000000707200000|  0%| F|  |TAMS 0x0000000707000000, 0x0000000707000000| Untracked 
|  28|0x0000000707200000, 0x0000000707200000, 0x0000000707400000|  0%| F|  |TAMS 0x0000000707200000, 0x0000000707200000| Untracked 
|  29|0x0000000707400000, 0x0000000707400000, 0x0000000707600000|  0%| F|  |TAMS 0x0000000707400000, 0x0000000707400000| Untracked 
|  30|0x0000000707600000, 0x0000000707600000, 0x0000000707800000|  0%| F|  |TAMS 0x0000000707600000, 0x0000000707600000| Untracked 
|  31|0x0000000707800000, 0x0000000707800000, 0x0000000707a00000|  0%| F|  |TAMS 0x0000000707800000, 0x0000000707800000| Untracked 
|  32|0x0000000707a00000, 0x0000000707a00000, 0x0000000707c00000|  0%| F|  |TAMS 0x0000000707a00000, 0x0000000707a00000| Untracked 
|  33|0x0000000707c00000, 0x0000000707c00000, 0x0000000707e00000|  0%| F|  |TAMS 0x0000000707c00000, 0x0000000707c00000| Untracked 
|  34|0x0000000707e00000, 0x0000000708000000, 0x0000000708000000|100%| E|  |TAMS 0x0000000707e00000, 0x0000000707e00000| Complete 
|  35|0x0000000708000000, 0x0000000708200000, 0x0000000708200000|100%| E|CS|TAMS 0x0000000708000000, 0x0000000708000000| Complete 
|  36|0x0000000708200000, 0x0000000708400000, 0x0000000708400000|100%| E|CS|TAMS 0x0000000708200000, 0x0000000708200000| Complete 
|  37|0x0000000708400000, 0x0000000708600000, 0x0000000708600000|100%| E|CS|TAMS 0x0000000708400000, 0x0000000708400000| Complete 
|  38|0x0000000708600000, 0x0000000708800000, 0x0000000708800000|100%| E|CS|TAMS 0x0000000708600000, 0x0000000708600000| Complete 
|  39|0x0000000708800000, 0x0000000708a00000, 0x0000000708a00000|100%| E|CS|TAMS 0x0000000708800000, 0x0000000708800000| Complete 
|  40|0x0000000708a00000, 0x0000000708c00000, 0x0000000708c00000|100%| E|CS|TAMS 0x0000000708a00000, 0x0000000708a00000| Complete 
|  41|0x0000000708c00000, 0x0000000708e00000, 0x0000000708e00000|100%| E|CS|TAMS 0x0000000708c00000, 0x0000000708c00000| Complete 
|  42|0x0000000708e00000, 0x0000000709000000, 0x0000000709000000|100%| E|CS|TAMS 0x0000000708e00000, 0x0000000708e00000| Complete 
|  43|0x0000000709000000, 0x0000000709200000, 0x0000000709200000|100%| E|CS|TAMS 0x0000000709000000, 0x0000000709000000| Complete 
|  44|0x0000000709200000, 0x0000000709400000, 0x0000000709400000|100%| E|CS|TAMS 0x0000000709200000, 0x0000000709200000| Complete 
|  45|0x0000000709400000, 0x0000000709600000, 0x0000000709600000|100%| E|CS|TAMS 0x0000000709400000, 0x0000000709400000| Complete 
|  46|0x0000000709600000, 0x0000000709800000, 0x0000000709800000|100%| E|CS|TAMS 0x0000000709600000, 0x0000000709600000| Complete 
|  47|0x0000000709800000, 0x0000000709a00000, 0x0000000709a00000|100%| E|CS|TAMS 0x0000000709800000, 0x0000000709800000| Complete 
|  48|0x0000000709a00000, 0x0000000709c00000, 0x0000000709c00000|100%| E|CS|TAMS 0x0000000709a00000, 0x0000000709a00000| Complete 
|  49|0x0000000709c00000, 0x0000000709e00000, 0x0000000709e00000|100%| E|CS|TAMS 0x0000000709c00000, 0x0000000709c00000| Complete 
|  50|0x0000000709e00000, 0x000000070a000000, 0x000000070a000000|100%| E|CS|TAMS 0x0000000709e00000, 0x0000000709e00000| Complete 
|  51|0x000000070a000000, 0x000000070a200000, 0x000000070a200000|100%| E|CS|TAMS 0x000000070a000000, 0x000000070a000000| Complete 
|  52|0x000000070a200000, 0x000000070a400000, 0x000000070a400000|100%| E|CS|TAMS 0x000000070a200000, 0x000000070a200000| Complete 
|  53|0x000000070a400000, 0x000000070a600000, 0x000000070a600000|100%| E|CS|TAMS 0x000000070a400000, 0x000000070a400000| Complete 
|  54|0x000000070a600000, 0x000000070a800000, 0x000000070a800000|100%| E|CS|TAMS 0x000000070a600000, 0x000000070a600000| Complete 
|  55|0x000000070a800000, 0x000000070aa00000, 0x000000070aa00000|100%| E|CS|TAMS 0x000000070a800000, 0x000000070a800000| Complete 
|  56|0x000000070aa00000, 0x000000070ac00000, 0x000000070ac00000|100%| E|CS|TAMS 0x000000070aa00000, 0x000000070aa00000| Complete 
|  57|0x000000070ac00000, 0x000000070ae00000, 0x000000070ae00000|100%| E|CS|TAMS 0x000000070ac00000, 0x000000070ac00000| Complete 
|  58|0x000000070ae00000, 0x000000070b000000, 0x000000070b000000|100%| E|CS|TAMS 0x000000070ae00000, 0x000000070ae00000| Complete 
|  59|0x000000070b000000, 0x000000070b200000, 0x000000070b200000|100%| E|CS|TAMS 0x000000070b000000, 0x000000070b000000| Complete 
|  60|0x000000070b200000, 0x000000070b400000, 0x000000070b400000|100%| E|CS|TAMS 0x000000070b200000, 0x000000070b200000| Complete 
|  61|0x000000070b400000, 0x000000070b600000, 0x000000070b600000|100%| E|CS|TAMS 0x000000070b400000, 0x000000070b400000| Complete 
|  62|0x000000070b600000, 0x000000070b800000, 0x000000070b800000|100%| E|CS|TAMS 0x000000070b600000, 0x000000070b600000| Complete 
|  63|0x000000070b800000, 0x000000070ba00000, 0x000000070ba00000|100%| E|CS|TAMS 0x000000070b800000, 0x000000070b800000| Complete 
|  64|0x000000070ba00000, 0x000000070bc00000, 0x000000070bc00000|100%| E|CS|TAMS 0x000000070ba00000, 0x000000070ba00000| Complete 
|  65|0x000000070bc00000, 0x000000070be00000, 0x000000070be00000|100%| E|CS|TAMS 0x000000070bc00000, 0x000000070bc00000| Complete 
|  66|0x000000070be00000, 0x000000070c000000, 0x000000070c000000|100%| E|CS|TAMS 0x000000070be00000, 0x000000070be00000| Complete 
|  67|0x000000070c000000, 0x000000070c200000, 0x000000070c200000|100%| E|CS|TAMS 0x000000070c000000, 0x000000070c000000| Complete 
|  68|0x000000070c200000, 0x000000070c400000, 0x000000070c400000|100%| E|CS|TAMS 0x000000070c200000, 0x000000070c200000| Complete 
|  69|0x000000070c400000, 0x000000070c600000, 0x000000070c600000|100%| E|CS|TAMS 0x000000070c400000, 0x000000070c400000| Complete 
|  70|0x000000070c600000, 0x000000070c800000, 0x000000070c800000|100%| E|CS|TAMS 0x000000070c600000, 0x000000070c600000| Complete 
|  71|0x000000070c800000, 0x000000070ca00000, 0x000000070ca00000|100%| E|CS|TAMS 0x000000070c800000, 0x000000070c800000| Complete 
| 123|0x0000000713000000, 0x0000000713200000, 0x0000000713200000|100%| E|CS|TAMS 0x0000000713000000, 0x0000000713000000| Complete 
| 126|0x0000000713600000, 0x0000000713800000, 0x0000000713800000|100%| E|CS|TAMS 0x0000000713600000, 0x0000000713600000| Complete 

Card table byte_map: [0x0000021ff7930000,0x0000021ff8120000] _byte_map_base: 0x0000021ff4113000

Marking Bits (Prev, Next): (CMBitMap*) 0x0000021fe4fe4f00, (CMBitMap*) 0x0000021fe4fe4f40
 Prev Bits: [0x0000021ff8910000, 0x0000021ffc828000)
 Next Bits: [0x0000021f80000000, 0x0000021f83f18000)

Polling page: 0x0000021fe2eb0000

Metaspace:

Usage:
  Non-class:     46.87 MB used.
      Class:      7.07 MB used.
       Both:     53.94 MB used.

Virtual space:
  Non-class space:       64.00 MB reserved,      47.06 MB ( 74%) committed,  1 nodes.
      Class space:        1.00 GB reserved,       7.25 MB ( <1%) committed,  1 nodes.
             Both:        1.06 GB reserved,      54.31 MB (  5%) committed. 

Chunk freelists:
   Non-Class:  864.00 KB
       Class:  8.66 MB
        Both:  9.50 MB

MaxMetaspaceSize: unlimited
CompressedClassSpaceSize: 1.00 GB
Initial GC threshold: 21.00 MB
Current GC threshold: 59.19 MB
CDS: off
MetaspaceReclaimPolicy: balanced
 - commit_granule_bytes: 65536.
 - commit_granule_words: 8192.
 - virtual_space_node_default_size: 8388608.
 - enlarge_chunks_in_place: 1.
 - new_chunks_are_fully_committed: 0.
 - uncommit_free_chunks: 1.
 - use_allocation_guard: 0.
 - handle_deallocations: 1.


Internal statistics:

num_allocs_failed_limit: 8.
num_arena_births: 364.
num_arena_deaths: 0.
num_vsnodes_births: 2.
num_vsnodes_deaths: 0.
num_space_committed: 869.
num_space_uncommitted: 0.
num_chunks_returned_to_freelist: 8.
num_chunks_taken_from_freelist: 2089.
num_chunk_merges: 8.
num_chunk_splits: 1488.
num_chunks_enlarged: 1186.
num_inconsistent_stats: 0.

CodeHeap 'non-profiled nmethods': size=120000Kb used=2993Kb max_used=2993Kb free=117006Kb
 bounds [0x0000021fef6c0000, 0x0000021fef9b0000, 0x0000021ff6bf0000]
CodeHeap 'profiled nmethods': size=120000Kb used=9776Kb max_used=9776Kb free=110224Kb
 bounds [0x0000021fe7bf0000, 0x0000021fe8580000, 0x0000021fef120000]
CodeHeap 'non-nmethods': size=5760Kb used=1262Kb max_used=1404Kb free=4497Kb
 bounds [0x0000021fef120000, 0x0000021fef390000, 0x0000021fef6c0000]
 total_blobs=5153 nmethods=4580 adapters=484
 compilation: enabled
              stopped_count=0, restarted_count=0
 full_count=0

Compilation events (20 events):
Event: 19.156 Thread 0x0000021f88a50580 4500       4       org.springframework.core.annotation.AnnotationsScanner::getBaseTypeMethods (145 bytes)
Event: 19.156 Thread 0x0000021f880b1e50 nmethod 4570 0x0000021fe8561690 code [0x0000021fe8561820, 0x0000021fe8561928]
Event: 19.247 Thread 0x0000021f880b1e50 4577       2       org.springframework.data.repository.core.support.DefaultRepositoryInformation::getQueryMethods (77 bytes)
Event: 19.249 Thread 0x0000021f880b1e50 nmethod 4577 0x0000021fe8561a10 code [0x0000021fe8561c40, 0x0000021fe85622d8]
Event: 19.284 Thread 0x0000021f880b1e50 4578   !   2       java.util.regex.Pattern::RemoveQEQuoting (370 bytes)
Event: 19.289 Thread 0x0000021f880b1e50 nmethod 4578 0x0000021fe8562690 code [0x0000021fe85628e0, 0x0000021fe8563388]
Event: 19.289 Thread 0x0000021f880b1e50 4579       2       java.util.regex.Pattern$Node::study (21 bytes)
Event: 19.291 Thread 0x0000021f880b1e50 nmethod 4579 0x0000021fe8563910 code [0x0000021fe8563ac0, 0x0000021fe8563c28]
Event: 19.301 Thread 0x0000021f880b1e50 4580       2       java.util.HashMap::forEach (112 bytes)
Event: 19.301 Thread 0x0000021f880b1e50 nmethod 4580 0x0000021fe8563d10 code [0x0000021fe8563ee0, 0x0000021fe85642e8]
Event: 19.301 Thread 0x0000021f880b1e50 4581       2       jdk.internal.reflect.ByteVectorImpl::resize (44 bytes)
Event: 19.303 Thread 0x0000021f880b1e50 nmethod 4581 0x0000021fe8564510 code [0x0000021fe85646c0, 0x0000021fe8564968]
Event: 19.316 Thread 0x0000021f880b1e50 4582       2       java.util.regex.Pattern::read (33 bytes)
Event: 19.319 Thread 0x0000021f880b1e50 nmethod 4582 0x0000021fe8564a90 code [0x0000021fe8564c40, 0x0000021fe8564dc8]
Event: 19.319 Thread 0x0000021f880b1e50 4583       2       java.util.regex.Matcher::find (69 bytes)
Event: 19.320 Thread 0x0000021f880b1e50 nmethod 4583 0x0000021fe8564e90 code [0x0000021fe8565040, 0x0000021fe8565248]
Event: 19.320 Thread 0x0000021f880b1e50 4584       1       sun.reflect.generics.reflectiveObjects.ParameterizedTypeImpl::getOwnerType (5 bytes)
Event: 19.321 Thread 0x0000021f880b1e50 nmethod 4584 0x0000021fef9aaf10 code [0x0000021fef9ab0a0, 0x0000021fef9ab178]
Event: 19.337 Thread 0x0000021f880b1e50 4585       2       org.springframework.util.ConcurrentReferenceHashMap$WeakEntryReference::get (8 bytes)
Event: 19.337 Thread 0x0000021f880b1e50 nmethod 4585 0x0000021fe8565390 code [0x0000021fe8565520, 0x0000021fe8565678]

GC Heap History (20 events):
Event: 1.709 GC heap before
{Heap before GC invocations=0 (full 0):
 garbage-first heap   total 260096K, used 22528K [0x0000000703a00000, 0x0000000800000000)
  region size 2048K, 11 young (22528K), 0 survivors (0K)
 Metaspace       used 13144K, committed 13312K, reserved 1114112K
  class space    used 1430K, committed 1472K, reserved 1048576K
}
Event: 1.718 GC heap after
{Heap after GC invocations=1 (full 0):
 garbage-first heap   total 260096K, used 6304K [0x0000000703a00000, 0x0000000800000000)
  region size 2048K, 2 young (4096K), 2 survivors (4096K)
 Metaspace       used 13144K, committed 13312K, reserved 1114112K
  class space    used 1430K, committed 1472K, reserved 1048576K
}
Event: 2.789 GC heap before
{Heap before GC invocations=1 (full 0):
 garbage-first heap   total 260096K, used 28832K [0x0000000703a00000, 0x0000000800000000)
  region size 2048K, 14 young (28672K), 2 survivors (4096K)
 Metaspace       used 20106K, committed 20352K, reserved 1114112K
  class space    used 2316K, committed 2432K, reserved 1048576K
}
Event: 2.798 GC heap after
{Heap after GC invocations=2 (full 0):
 garbage-first heap   total 260096K, used 8071K [0x0000000703a00000, 0x0000000800000000)
  region size 2048K, 1 young (2048K), 1 survivors (2048K)
 Metaspace       used 20106K, committed 20352K, reserved 1114112K
  class space    used 2316K, committed 2432K, reserved 1048576K
}
Event: 2.916 GC heap before
{Heap before GC invocations=2 (full 0):
 garbage-first heap   total 260096K, used 12167K [0x0000000703a00000, 0x0000000800000000)
  region size 2048K, 4 young (8192K), 1 survivors (2048K)
 Metaspace       used 21307K, committed 21504K, reserved 1114112K
  class space    used 2484K, committed 2624K, reserved 1048576K
}
Event: 2.925 GC heap after
{Heap after GC invocations=3 (full 0):
 garbage-first heap   total 260096K, used 8035K [0x0000000703a00000, 0x0000000800000000)
  region size 2048K, 1 young (2048K), 1 survivors (2048K)
 Metaspace       used 21307K, committed 21504K, reserved 1114112K
  class space    used 2484K, committed 2624K, reserved 1048576K
}
Event: 4.761 GC heap before
{Heap before GC invocations=4 (full 0):
 garbage-first heap   total 40960K, used 28515K [0x0000000703a00000, 0x0000000800000000)
  region size 2048K, 12 young (24576K), 1 survivors (2048K)
 Metaspace       used 24078K, committed 24384K, reserved 1114112K
  class space    used 2820K, committed 2944K, reserved 1048576K
}
Event: 4.772 GC heap after
{Heap after GC invocations=5 (full 0):
 garbage-first heap   total 40960K, used 9570K [0x0000000703a00000, 0x0000000800000000)
  region size 2048K, 2 young (4096K), 2 survivors (4096K)
 Metaspace       used 24078K, committed 24384K, reserved 1114112K
  class space    used 2820K, committed 2944K, reserved 1048576K
}
Event: 4.950 GC heap before
{Heap before GC invocations=5 (full 0):
 garbage-first heap   total 40960K, used 9570K [0x0000000703a00000, 0x0000000800000000)
  region size 2048K, 3 young (6144K), 2 survivors (4096K)
 Metaspace       used 24420K, committed 24704K, reserved 1114112K
  class space    used 2861K, committed 3008K, reserved 1048576K
}
Event: 4.967 GC heap after
{Heap after GC invocations=6 (full 0):
 garbage-first heap   total 40960K, used 9825K [0x0000000703a00000, 0x0000000800000000)
  region size 2048K, 1 young (2048K), 1 survivors (2048K)
 Metaspace       used 24420K, committed 24704K, reserved 1114112K
  class space    used 2861K, committed 3008K, reserved 1048576K
}
Event: 6.989 GC heap before
{Heap before GC invocations=6 (full 0):
 garbage-first heap   total 40960K, used 26209K [0x0000000703a00000, 0x0000000800000000)
  region size 2048K, 9 young (18432K), 1 survivors (2048K)
 Metaspace       used 27338K, committed 27648K, reserved 1114112K
  class space    used 3264K, committed 3392K, reserved 1048576K
}
Event: 7.005 GC heap after
{Heap after GC invocations=7 (full 0):
 garbage-first heap   total 40960K, used 10751K [0x0000000703a00000, 0x0000000800000000)
  region size 2048K, 1 young (2048K), 1 survivors (2048K)
 Metaspace       used 27338K, committed 27648K, reserved 1114112K
  class space    used 3264K, committed 3392K, reserved 1048576K
}
Event: 9.271 GC heap before
{Heap before GC invocations=7 (full 0):
 garbage-first heap   total 40960K, used 27135K [0x0000000703a00000, 0x0000000800000000)
  region size 2048K, 9 young (18432K), 1 survivors (2048K)
 Metaspace       used 31121K, committed 31424K, reserved 1114112K
  class space    used 3808K, committed 3968K, reserved 1048576K
}
Event: 9.290 GC heap after
{Heap after GC invocations=8 (full 0):
 garbage-first heap   total 40960K, used 12975K [0x0000000703a00000, 0x0000000800000000)
  region size 2048K, 2 young (4096K), 2 survivors (4096K)
 Metaspace       used 31121K, committed 31424K, reserved 1114112K
  class space    used 3808K, committed 3968K, reserved 1048576K
}
Event: 10.613 GC heap before
{Heap before GC invocations=8 (full 0):
 garbage-first heap   total 40960K, used 27311K [0x0000000703a00000, 0x0000000800000000)
  region size 2048K, 9 young (18432K), 2 survivors (4096K)
 Metaspace       used 33759K, committed 34048K, reserved 1114112K
  class space    used 4094K, committed 4224K, reserved 1048576K
}
Event: 10.629 GC heap after
{Heap after GC invocations=9 (full 0):
 garbage-first heap   total 40960K, used 14317K [0x0000000703a00000, 0x0000000800000000)
  region size 2048K, 1 young (2048K), 1 survivors (2048K)
 Metaspace       used 33759K, committed 34048K, reserved 1114112K
  class space    used 4094K, committed 4224K, reserved 1048576K
}
Event: 11.334 GC heap before
{Heap before GC invocations=9 (full 0):
 garbage-first heap   total 40960K, used 22509K [0x0000000703a00000, 0x0000000800000000)
  region size 2048K, 6 young (12288K), 1 survivors (2048K)
 Metaspace       used 35829K, committed 36096K, reserved 1114112K
  class space    used 4364K, committed 4480K, reserved 1048576K
}
Event: 11.337 GC heap after
{Heap after GC invocations=10 (full 0):
 garbage-first heap   total 40960K, used 14854K [0x0000000703a00000, 0x0000000800000000)
  region size 2048K, 1 young (2048K), 1 survivors (2048K)
 Metaspace       used 35829K, committed 36096K, reserved 1114112K
  class space    used 4364K, committed 4480K, reserved 1048576K
}
Event: 12.223 GC heap before
{Heap before GC invocations=11 (full 0):
 garbage-first heap   total 40960K, used 29190K [0x0000000703a00000, 0x0000000800000000)
  region size 2048K, 8 young (16384K), 1 survivors (2048K)
 Metaspace       used 39586K, committed 39936K, reserved 1114112K
  class space    used 5059K, committed 5184K, reserved 1048576K
}
Event: 12.226 GC heap after
{Heap after GC invocations=12 (full 0):
 garbage-first heap   total 151552K, used 15419K [0x0000000703a00000, 0x0000000800000000)
  region size 2048K, 1 young (2048K), 1 survivors (2048K)
 Metaspace       used 39586K, committed 39936K, reserved 1114112K
  class space    used 5059K, committed 5184K, reserved 1048576K
}

Dll operation events (10 events):
Event: 0.022 Loaded shared library C:\Users\dell\.vscode\extensions\redhat.java-1.30.0-win32-x64\jre\17.0.10-win32-x86_64\bin\java.dll
Event: 0.295 Loaded shared library C:\Users\dell\.vscode\extensions\redhat.java-1.30.0-win32-x64\jre\17.0.10-win32-x86_64\bin\net.dll
Event: 0.301 Loaded shared library C:\Users\dell\.vscode\extensions\redhat.java-1.30.0-win32-x64\jre\17.0.10-win32-x86_64\bin\nio.dll
Event: 0.313 Loaded shared library C:\Users\dell\.vscode\extensions\redhat.java-1.30.0-win32-x64\jre\17.0.10-win32-x86_64\bin\zip.dll
Event: 0.420 Loaded shared library C:\Users\dell\.vscode\extensions\redhat.java-1.30.0-win32-x64\jre\17.0.10-win32-x86_64\bin\verify.dll
Event: 0.428 Loaded shared library C:\Users\dell\.vscode\extensions\redhat.java-1.30.0-win32-x64\jre\17.0.10-win32-x86_64\bin\jimage.dll
Event: 1.979 Loaded shared library C:\Users\dell\.vscode\extensions\redhat.java-1.30.0-win32-x64\jre\17.0.10-win32-x86_64\bin\management.dll
Event: 1.985 Loaded shared library C:\Users\dell\.vscode\extensions\redhat.java-1.30.0-win32-x64\jre\17.0.10-win32-x86_64\bin\management_ext.dll
Event: 12.395 Loaded shared library C:\Users\dell\.vscode\extensions\redhat.java-1.30.0-win32-x64\jre\17.0.10-win32-x86_64\bin\extnet.dll
Event: 12.597 Loaded shared library C:\Users\dell\.vscode\extensions\redhat.java-1.30.0-win32-x64\jre\17.0.10-win32-x86_64\bin\sunmscapi.dll

Deoptimization events (20 events):
Event: 17.561 Thread 0x0000021fe4f70a90 DEOPT PACKING pc=0x0000021fef75ba44 sp=0x000000f2e45fcc20
Event: 17.561 Thread 0x0000021fe4f70a90 DEOPT UNPACKING pc=0x0000021fef1769a3 sp=0x000000f2e45fcbd8 mode 2
Event: 17.693 Thread 0x0000021fe4f70a90 Uncommon trap: trap_request=0xffffff45 fr.pc=0x0000021fef7acf34 relative=0x0000000000001b14
Event: 17.694 Thread 0x0000021fe4f70a90 Uncommon trap: reason=unstable_if action=reinterpret pc=0x0000021fef7acf34 method=java.util.HashMap.putVal(ILjava/lang/Object;Ljava/lang/Object;ZZ)Ljava/lang/Object; @ 94 c2
Event: 17.694 Thread 0x0000021fe4f70a90 DEOPT PACKING pc=0x0000021fef7acf34 sp=0x000000f2e45fd9c0
Event: 17.694 Thread 0x0000021fe4f70a90 DEOPT UNPACKING pc=0x0000021fef1769a3 sp=0x000000f2e45fd890 mode 2
Event: 18.715 Thread 0x0000021fe4f70a90 Uncommon trap: trap_request=0xffffff45 fr.pc=0x0000021fef7f6298 relative=0x00000000000013b8
Event: 18.716 Thread 0x0000021fe4f70a90 Uncommon trap: reason=unstable_if action=reinterpret pc=0x0000021fef7f6298 method=java.util.concurrent.ConcurrentHashMap.transfer([Ljava/util/concurrent/ConcurrentHashMap$Node;[Ljava/util/concurrent/ConcurrentHashMap$Node;)V @ 352 c2
Event: 18.716 Thread 0x0000021fe4f70a90 DEOPT PACKING pc=0x0000021fef7f6298 sp=0x000000f2e45fd8b0
Event: 18.716 Thread 0x0000021fe4f70a90 DEOPT UNPACKING pc=0x0000021fef1769a3 sp=0x000000f2e45fd838 mode 2
Event: 18.795 Thread 0x0000021fe4f70a90 Uncommon trap: trap_request=0xffffff45 fr.pc=0x0000021fef83a680 relative=0x0000000000000260
Event: 18.795 Thread 0x0000021fe4f70a90 Uncommon trap: reason=unstable_if action=reinterpret pc=0x0000021fef83a680 method=java.util.concurrent.ConcurrentHashMap.get(Ljava/lang/Object;)Ljava/lang/Object; @ 86 c2
Event: 18.795 Thread 0x0000021fe4f70a90 DEOPT PACKING pc=0x0000021fef83a680 sp=0x000000f2e45fcc00
Event: 18.795 Thread 0x0000021fe4f70a90 DEOPT UNPACKING pc=0x0000021fef1769a3 sp=0x000000f2e45fcb68 mode 2
Event: 18.835 Thread 0x0000021fe4f70a90 DEOPT PACKING pc=0x0000021fe7dee3a3 sp=0x000000f2e45fb4b0
Event: 18.835 Thread 0x0000021fe4f70a90 DEOPT UNPACKING pc=0x0000021fef177143 sp=0x000000f2e45fa920 mode 0
Event: 19.296 Thread 0x0000021fe4f70a90 Uncommon trap: trap_request=0xfffffff4 fr.pc=0x0000021fef7d1bdc relative=0x00000000000001bc
Event: 19.296 Thread 0x0000021fe4f70a90 Uncommon trap: reason=null_check action=make_not_entrant pc=0x0000021fef7d1bdc method=org.springframework.util.ClassUtils.isAssignable(Ljava/lang/Class;Ljava/lang/Class;)Z @ 14 c2
Event: 19.296 Thread 0x0000021fe4f70a90 DEOPT PACKING pc=0x0000021fef7d1bdc sp=0x000000f2e45fc410
Event: 19.296 Thread 0x0000021fe4f70a90 DEOPT UNPACKING pc=0x0000021fef1769a3 sp=0x000000f2e45fc3b0 mode 2

Classes unloaded (0 events):
No events

Classes redefined (0 events):
No events

Internal exceptions (20 events):
Event: 17.101 Thread 0x0000021fe4f70a90 Exception <a 'java/lang/ClassNotFoundException'{0x0000000709f79390}: java/lang/ObjectCustomizer> (0x0000000709f79390) 
thrown [s\src\hotspot\share\classfile\systemDictionary.cpp, line 256]
Event: 17.103 Thread 0x0000021fe4f70a90 Exception <a 'java/lang/ClassNotFoundException'{0x0000000709f807e8}: org/springframework/core/io/support/PropertiesLoaderSupportCustomizer> (0x0000000709f807e8) 
thrown [s\src\hotspot\share\classfile\systemDictionary.cpp, line 256]
Event: 17.105 Thread 0x0000021fe4f70a90 Exception <a 'java/lang/ClassNotFoundException'{0x0000000709f8d6e8}: org/springframework/beans/factory/config/PropertiesFactoryBeanCustomizer> (0x0000000709f8d6e8) 
thrown [s\src\hotspot\share\classfile\systemDictionary.cpp, line 256]
Event: 17.108 Thread 0x0000021fe4f70a90 Exception <a 'java/lang/ClassNotFoundException'{0x0000000709fa1ab0}: org/springframework/beans/factory/FactoryBeanCustomizer> (0x0000000709fa1ab0) 
thrown [s\src\hotspot\share\classfile\systemDictionary.cpp, line 256]
Event: 17.109 Thread 0x0000021fe4f70a90 Exception <a 'java/lang/ClassNotFoundException'{0x0000000709fa8080}: org/springframework/beans/factory/InitializingBeanCustomizer> (0x0000000709fa8080) 
thrown [s\src\hotspot\share\classfile\systemDictionary.cpp, line 256]
Event: 17.504 Thread 0x0000021fe4f70a90 Exception <a 'java/lang/ClassNotFoundException'{0x0000000709707380}: java/lang/ObjectCustomizer> (0x0000000709707380) 
thrown [s\src\hotspot\share\classfile\systemDictionary.cpp, line 256]
Event: 17.507 Thread 0x0000021fe4f70a90 Exception <a 'java/lang/ClassNotFoundException'{0x000000070970deb0}: com/example/online_learning_platform/Entity/StudentCustomizer> (0x000000070970deb0) 
thrown [s\src\hotspot\share\classfile\systemDictionary.cpp, line 256]
Event: 17.549 Thread 0x0000021fe4f70a90 Exception <a 'java/lang/NoSuchMethodError'{0x00000007094069e0}: 'int java.lang.invoke.DirectMethodHandle$Holder.invokeVirtual(java.lang.Object, java.lang.Object, java.lang.Object)'> (0x00000007094069e0) 
thrown [s\src\hotspot\share\interpreter\linkResolver.cpp, line 759]
Event: 17.652 Thread 0x0000021fe4f70a90 Exception <a 'java/lang/IncompatibleClassChangeError'{0x00000007095cbba0}: Found class java.lang.Object, but interface was expected> (0x00000007095cbba0) 
thrown [s\src\hotspot\share\interpreter\linkResolver.cpp, line 826]
Event: 18.248 Thread 0x0000021fe4f70a90 Exception <a 'java/lang/reflect/InvocationTargetException'{0x0000000708c07610}> (0x0000000708c07610) 
thrown [s\src\hotspot\share\runtime\reflection.cpp, line 1121]
Event: 18.338 Thread 0x0000021fe4f70a90 Exception <a 'java/lang/NoSuchMethodError'{0x0000000708c7de98}: 'java.lang.Object java.lang.invoke.DirectMethodHandle$Holder.invokeStatic(java.lang.Object, java.lang.Object, int, java.lang.Object)'> (0x0000000708c7de98) 
thrown [s\src\hotspot\share\interpreter\linkResolver.cpp, line 759]
Event: 18.341 Thread 0x0000021fe4f70a90 Exception <a 'java/lang/NoSuchMethodError'{0x0000000708c853a0}: 'java.lang.Object java.lang.invoke.DirectMethodHandle$Holder.newInvokeSpecial(java.lang.Object, java.lang.Object, int)'> (0x0000000708c853a0) 
thrown [s\src\hotspot\share\interpreter\linkResolver.cpp, line 759]
Event: 18.365 Thread 0x0000021fe4f70a90 Exception <a 'java/lang/IncompatibleClassChangeError'{0x0000000708cb2c80}: Found class java.lang.Object, but interface was expected> (0x0000000708cb2c80) 
thrown [s\src\hotspot\share\interpreter\linkResolver.cpp, line 826]
Event: 18.818 Thread 0x0000021fe4f70a90 Exception <a 'java/lang/ClassNotFoundException'{0x0000000708b30098}: java/lang/ObjectCustomizer> (0x0000000708b30098) 
thrown [s\src\hotspot\share\classfile\systemDictionary.cpp, line 256]
Event: 18.821 Thread 0x0000021fe4f70a90 Exception <a 'java/lang/ClassNotFoundException'{0x0000000708b373c0}: com/example/online_learning_platform/Entity/CourseCustomizer> (0x0000000708b373c0) 
thrown [s\src\hotspot\share\classfile\systemDictionary.cpp, line 256]
Event: 18.839 Thread 0x0000021fe4f70a90 Exception <a 'java/lang/ClassNotFoundException'{0x0000000708b74c88}: java/lang/ObjectCustomizer> (0x0000000708b74c88) 
thrown [s\src\hotspot\share\classfile\systemDictionary.cpp, line 256]
Event: 18.849 Thread 0x0000021fe4f70a90 Exception <a 'java/lang/ClassNotFoundException'{0x0000000708b7c090}: com/example/online_learning_platform/Entity/InstructorCustomizer> (0x0000000708b7c090) 
thrown [s\src\hotspot\share\classfile\systemDictionary.cpp, line 256]
Event: 19.279 Thread 0x0000021fe4f70a90 Exception <a 'java/lang/reflect/InvocationTargetException'{0x00000007080f82c8}> (0x00000007080f82c8) 
thrown [s\src\hotspot\share\runtime\reflection.cpp, line 1121]
Event: 19.300 Thread 0x0000021fe4f70a90 Exception <a 'java/lang/reflect/InvocationTargetException'{0x0000000708104628}> (0x0000000708104628) 
thrown [s\src\hotspot\share\runtime\reflection.cpp, line 1121]
Event: 19.314 Thread 0x0000021fe4f70a90 Exception <a 'java/lang/reflect/InvocationTargetException'{0x00000007081123a8}> (0x00000007081123a8) 
thrown [s\src\hotspot\share\runtime\reflection.cpp, line 1121]

VM Operations (20 events):
Event: 12.663 Executing VM operation: HandshakeAllThreads
Event: 12.663 Executing VM operation: HandshakeAllThreads done
Event: 13.674 Executing VM operation: Cleanup
Event: 13.675 Executing VM operation: Cleanup done
Event: 14.688 Executing VM operation: Cleanup
Event: 14.688 Executing VM operation: Cleanup done
Event: 15.701 Executing VM operation: Cleanup
Event: 15.703 Executing VM operation: Cleanup done
Event: 16.717 Executing VM operation: Cleanup
Event: 16.717 Executing VM operation: Cleanup done
Event: 17.056 Executing VM operation: HandshakeAllThreads
Event: 17.056 Executing VM operation: HandshakeAllThreads done
Event: 17.796 Executing VM operation: HandshakeAllThreads
Event: 17.796 Executing VM operation: HandshakeAllThreads done
Event: 17.796 Executing VM operation: Cleanup
Event: 17.797 Executing VM operation: Cleanup done
Event: 17.800 Executing VM operation: HandshakeAllThreads
Event: 17.800 Executing VM operation: HandshakeAllThreads done
Event: 18.802 Executing VM operation: Cleanup
Event: 18.817 Executing VM operation: Cleanup done

Events (20 events):
Event: 18.614 loading class java/util/regex/Pattern$GroupCurly
Event: 18.614 loading class java/util/regex/Pattern$GroupCurly done
Event: 18.817 loading class java/lang/ObjectCustomizer
Event: 18.817 loading class java/lang/ObjectCustomizer done
Event: 18.817 loading class java/lang/ObjectCustomizer
Event: 18.817 loading class java/lang/ObjectCustomizer done
Event: 18.837 loading class java/util/WeakHashMap$KeyIterator
Event: 18.837 loading class java/util/WeakHashMap$HashIterator
Event: 18.837 loading class java/util/WeakHashMap$HashIterator done
Event: 18.837 loading class java/util/WeakHashMap$KeyIterator done
Event: 18.837 loading class java/util/WeakHashMap$EntrySet
Event: 18.838 loading class java/util/WeakHashMap$EntrySet done
Event: 18.838 loading class java/util/WeakHashMap$EntryIterator
Event: 18.838 loading class java/util/WeakHashMap$EntryIterator done
Event: 18.839 loading class java/lang/ObjectCustomizer
Event: 18.839 loading class java/lang/ObjectCustomizer done
Event: 18.839 loading class java/lang/ObjectCustomizer
Event: 18.839 loading class java/lang/ObjectCustomizer done
Event: 19.266 loading class sun/reflect/generics/tree/DoubleSignature
Event: 19.266 loading class sun/reflect/generics/tree/DoubleSignature done


Dynamic libraries:
0x00007ff7c9960000 - 0x00007ff7c996e000 	C:\Users\dell\.vscode\extensions\redhat.java-1.30.0-win32-x64\jre\17.0.10-win32-x86_64\bin\java.exe
0x00007ffe7f690000 - 0x00007ffe7f8a6000 	C:\WINDOWS\SYSTEM32\ntdll.dll
0x00007ffe7df30000 - 0x00007ffe7dff4000 	C:\WINDOWS\System32\KERNEL32.DLL
0x00007ffe7c9b0000 - 0x00007ffe7cd57000 	C:\WINDOWS\System32\KERNELBASE.dll
0x00007ffe7cf50000 - 0x00007ffe7d061000 	C:\WINDOWS\System32\ucrtbase.dll
0x00007ffe5ea20000 - 0x00007ffe5ea37000 	C:\Users\dell\.vscode\extensions\redhat.java-1.30.0-win32-x64\jre\17.0.10-win32-x86_64\bin\jli.dll
0x00007ffe5d550000 - 0x00007ffe5d56b000 	C:\Users\dell\.vscode\extensions\redhat.java-1.30.0-win32-x64\jre\17.0.10-win32-x86_64\bin\VCRUNTIME140.dll
0x00007ffe7d950000 - 0x00007ffe7dafe000 	C:\WINDOWS\System32\USER32.dll
0x00007ffe7d1b0000 - 0x00007ffe7d1d6000 	C:\WINDOWS\System32\win32u.dll
0x00007ffe65ac0000 - 0x00007ffe65d53000 	C:\WINDOWS\WinSxS\amd64_microsoft.windows.common-controls_6595b64144ccf1df_6.0.22621.3235_none_270f74e173860f98\COMCTL32.dll
0x00007ffe7d760000 - 0x00007ffe7d789000 	C:\WINDOWS\System32\GDI32.dll
0x00007ffe7f5a0000 - 0x00007ffe7f647000 	C:\WINDOWS\System32\msvcrt.dll
0x00007ffe7d1e0000 - 0x00007ffe7d2f9000 	C:\WINDOWS\System32\gdi32full.dll
0x00007ffe7d110000 - 0x00007ffe7d1aa000 	C:\WINDOWS\System32\msvcp_win.dll
0x00007ffe7dc60000 - 0x00007ffe7dc91000 	C:\WINDOWS\System32\IMM32.DLL
0x00007ffe6dbf0000 - 0x00007ffe6dbfc000 	C:\Users\dell\.vscode\extensions\redhat.java-1.30.0-win32-x64\jre\17.0.10-win32-x86_64\bin\vcruntime140_1.dll
0x00007ffe2d6f0000 - 0x00007ffe2d77d000 	C:\Users\dell\.vscode\extensions\redhat.java-1.30.0-win32-x64\jre\17.0.10-win32-x86_64\bin\msvcp140.dll
0x00007ffe03db0000 - 0x00007ffe04a12000 	C:\Users\dell\.vscode\extensions\redhat.java-1.30.0-win32-x64\jre\17.0.10-win32-x86_64\bin\server\jvm.dll
0x00007ffe7ec80000 - 0x00007ffe7ed32000 	C:\WINDOWS\System32\ADVAPI32.dll
0x00007ffe7de60000 - 0x00007ffe7df08000 	C:\WINDOWS\System32\sechost.dll
0x00007ffe7d070000 - 0x00007ffe7d098000 	C:\WINDOWS\System32\bcrypt.dll
0x00007ffe7e110000 - 0x00007ffe7e225000 	C:\WINDOWS\System32\RPCRT4.dll
0x00007ffe738c0000 - 0x00007ffe738f4000 	C:\WINDOWS\SYSTEM32\WINMM.dll
0x00007ffe7b850000 - 0x00007ffe7b89d000 	C:\WINDOWS\SYSTEM32\POWRPROF.dll
0x00007ffe51c50000 - 0x00007ffe51c59000 	C:\WINDOWS\SYSTEM32\WSOCK32.dll
0x00007ffe6e4f0000 - 0x00007ffe6e4fa000 	C:\WINDOWS\SYSTEM32\VERSION.dll
0x00007ffe7dd70000 - 0x00007ffe7dde1000 	C:\WINDOWS\System32\WS2_32.dll
0x00007ffe7b830000 - 0x00007ffe7b843000 	C:\WINDOWS\SYSTEM32\UMPDC.dll
0x00007ffe7bae0000 - 0x00007ffe7baf8000 	C:\WINDOWS\SYSTEM32\kernel.appcore.dll
0x00007ffe6dbc0000 - 0x00007ffe6dbca000 	C:\Users\dell\.vscode\extensions\redhat.java-1.30.0-win32-x64\jre\17.0.10-win32-x86_64\bin\jimage.dll
0x00007ffe67100000 - 0x00007ffe67333000 	C:\WINDOWS\SYSTEM32\DBGHELP.DLL
0x00007ffe7e8f0000 - 0x00007ffe7ec78000 	C:\WINDOWS\System32\combase.dll
0x00007ffe7db00000 - 0x00007ffe7dbd7000 	C:\WINDOWS\System32\OLEAUT32.dll
0x00007ffe67680000 - 0x00007ffe676b2000 	C:\WINDOWS\SYSTEM32\dbgcore.DLL
0x00007ffe7cd60000 - 0x00007ffe7cdd9000 	C:\WINDOWS\System32\bcryptPrimitives.dll
0x00007ffe43410000 - 0x00007ffe43435000 	C:\Users\dell\.vscode\extensions\redhat.java-1.30.0-win32-x64\jre\17.0.10-win32-x86_64\bin\java.dll
0x00007ffe51630000 - 0x00007ffe51648000 	C:\Users\dell\.vscode\extensions\redhat.java-1.30.0-win32-x64\jre\17.0.10-win32-x86_64\bin\zip.dll
0x00007ffe7ed40000 - 0x00007ffe7f59c000 	C:\WINDOWS\System32\SHELL32.dll
0x00007ffe7a920000 - 0x00007ffe7b219000 	C:\WINDOWS\SYSTEM32\windows.storage.dll
0x00007ffe7a7e0000 - 0x00007ffe7a91e000 	C:\WINDOWS\SYSTEM32\wintypes.dll
0x00007ffe7e010000 - 0x00007ffe7e103000 	C:\WINDOWS\System32\SHCORE.dll
0x00007ffe7de00000 - 0x00007ffe7de5e000 	C:\WINDOWS\System32\shlwapi.dll
0x00007ffe7c8e0000 - 0x00007ffe7c901000 	C:\WINDOWS\SYSTEM32\profapi.dll
0x00007ffe4f830000 - 0x00007ffe4f849000 	C:\Users\dell\.vscode\extensions\redhat.java-1.30.0-win32-x64\jre\17.0.10-win32-x86_64\bin\net.dll
0x00007ffe76470000 - 0x00007ffe765a6000 	C:\WINDOWS\SYSTEM32\WINHTTP.dll
0x00007ffe7bf50000 - 0x00007ffe7bfb9000 	C:\WINDOWS\system32\mswsock.dll
0x00007ffe4ac20000 - 0x00007ffe4ac36000 	C:\Users\dell\.vscode\extensions\redhat.java-1.30.0-win32-x64\jre\17.0.10-win32-x86_64\bin\nio.dll
0x00007ffe5e9d0000 - 0x00007ffe5e9e0000 	C:\Users\dell\.vscode\extensions\redhat.java-1.30.0-win32-x64\jre\17.0.10-win32-x86_64\bin\verify.dll
0x00007ffe73a00000 - 0x00007ffe73a09000 	C:\Users\dell\.vscode\extensions\redhat.java-1.30.0-win32-x64\jre\17.0.10-win32-x86_64\bin\management.dll
0x00007ffe634e0000 - 0x00007ffe634eb000 	C:\Users\dell\.vscode\extensions\redhat.java-1.30.0-win32-x64\jre\17.0.10-win32-x86_64\bin\management_ext.dll
0x00007ffe7dca0000 - 0x00007ffe7dca8000 	C:\WINDOWS\System32\PSAPI.DLL
0x00007ffe44260000 - 0x00007ffe44277000 	C:\WINDOWS\system32\napinsp.dll
0x00007ffe44240000 - 0x00007ffe4425b000 	C:\WINDOWS\system32\pnrpnsp.dll
0x00007ffe7b520000 - 0x00007ffe7b619000 	C:\WINDOWS\SYSTEM32\DNSAPI.dll
0x00007ffe7b4f0000 - 0x00007ffe7b51d000 	C:\WINDOWS\SYSTEM32\IPHLPAPI.DLL
0x00007ffe7ddf0000 - 0x00007ffe7ddf9000 	C:\WINDOWS\System32\NSI.dll
0x00007ffe44220000 - 0x00007ffe44231000 	C:\WINDOWS\System32\winrnr.dll
0x00007ffe73ca0000 - 0x00007ffe73cb5000 	C:\WINDOWS\system32\wshbth.dll
0x00007ffe441f0000 - 0x00007ffe44211000 	C:\WINDOWS\system32\nlansp_c.dll
0x00007ffe74200000 - 0x00007ffe7420a000 	C:\Windows\System32\rasadhlp.dll
0x00007ffe73690000 - 0x00007ffe73713000 	C:\WINDOWS\System32\fwpuclnt.dll
0x00007ffe7c1b0000 - 0x00007ffe7c1cb000 	C:\WINDOWS\SYSTEM32\CRYPTSP.dll
0x00007ffe7ba40000 - 0x00007ffe7ba75000 	C:\WINDOWS\system32\rsaenh.dll
0x00007ffe7c050000 - 0x00007ffe7c078000 	C:\WINDOWS\SYSTEM32\USERENV.dll
0x00007ffe7c1d0000 - 0x00007ffe7c1dc000 	C:\WINDOWS\SYSTEM32\CRYPTBASE.dll
0x00007ffe76090000 - 0x00007ffe760a9000 	C:\WINDOWS\SYSTEM32\dhcpcsvc6.DLL
0x00007ffe75a50000 - 0x00007ffe75a6f000 	C:\WINDOWS\SYSTEM32\dhcpcsvc.DLL
0x00007ffe77d40000 - 0x00007ffe77d49000 	C:\Users\dell\.vscode\extensions\redhat.java-1.30.0-win32-x64\jre\17.0.10-win32-x86_64\bin\extnet.dll
0x00007ffe4eb70000 - 0x00007ffe4eb7e000 	C:\Users\dell\.vscode\extensions\redhat.java-1.30.0-win32-x64\jre\17.0.10-win32-x86_64\bin\sunmscapi.dll
0x00007ffe7cde0000 - 0x00007ffe7cf47000 	C:\WINDOWS\System32\CRYPT32.dll
0x00007ffe7c350000 - 0x00007ffe7c37e000 	C:\WINDOWS\SYSTEM32\ncrypt.dll
0x00007ffe7c310000 - 0x00007ffe7c347000 	C:\WINDOWS\SYSTEM32\NTASN1.dll

dbghelp: loaded successfully - version: 4.0.5 - missing functions: none
symbol engine: initialized successfully - sym options: 0x614 - pdb path: .;C:\Users\dell\.vscode\extensions\redhat.java-1.30.0-win32-x64\jre\17.0.10-win32-x86_64\bin;C:\WINDOWS\SYSTEM32;C:\WINDOWS\WinSxS\amd64_microsoft.windows.common-controls_6595b64144ccf1df_6.0.22621.3235_none_270f74e173860f98;C:\Users\dell\.vscode\extensions\redhat.java-1.30.0-win32-x64\jre\17.0.10-win32-x86_64\bin\server

VM Arguments:
jvm_args: -XX:+ShowCodeDetailsInExceptionMessages 
java_command: com.example.online_learning_platform.OnlineLearningPlatformApplication
java_class_path (initial): C:\Users\dell\OneDrive\Desktop\online_learning_platform\target\classes;C:\Users\dell\.m2\repository\org\springframework\boot\spring-boot-starter-web\2.6.4\spring-boot-starter-web-2.6.4.jar;C:\Users\dell\.m2\repository\org\springframework\boot\spring-boot-starter\2.6.4\spring-boot-starter-2.6.4.jar;C:\Users\dell\.m2\repository\org\springframework\boot\spring-boot\2.6.4\spring-boot-2.6.4.jar;C:\Users\dell\.m2\repository\org\springframework\boot\spring-boot-autoconfigure\2.6.4\spring-boot-autoconfigure-2.6.4.jar;C:\Users\dell\.m2\repository\org\springframework\boot\spring-boot-starter-logging\2.6.4\spring-boot-starter-logging-2.6.4.jar;C:\Users\dell\.m2\repository\ch\qos\logback\logback-classic\1.2.10\logback-classic-1.2.10.jar;C:\Users\dell\.m2\repository\ch\qos\logback\logback-core\1.2.10\logback-core-1.2.10.jar;C:\Users\dell\.m2\repository\org\apache\logging\log4j\log4j-to-slf4j\2.17.1\log4j-to-slf4j-2.17.1.jar;C:\Users\dell\.m2\repository\org\apache\logging\log4j\log4j-api\2.17.1\log4j-api-2.17.1.jar;C:\Users\dell\.m2\repository\org\slf4j\jul-to-slf4j\1.7.36\jul-to-slf4j-1.7.36.jar;C:\Users\dell\.m2\repository\jakarta\annotation\jakarta.annotation-api\1.3.5\jakarta.annotation-api-1.3.5.jar;C:\Users\dell\.m2\repository\org\springframework\spring-core\5.3.16\spring-core-5.3.16.jar;C:\Users\dell\.m2\repository\org\springframework\spring-jcl\5.3.16\spring-jcl-5.3.16.jar;C:\Users\dell\.m2\repository\org\yaml\snakeyaml\1.29\snakeyaml-1.29.jar;C:\Users\dell\.m2\repository\org\springframework\boot\spring-boot-starter-json\2.6.4\spring-boot-starter-json-2.6.4.jar;C:\Users\dell\.m2\repository\com\fasterxml\jackson\datatype\jackson-datatype-jdk8\2.13.1\jackson-datatype-jdk8-2.13.1.jar;C:\Users\dell\.m2\repository\com\fasterxml\jackson\datatype\jackson-datatype-jsr310\2.13.1\jackson-datatype-jsr310-2.13.1.jar;C:\Users\dell\.m2\repository\com\fasterxml\jackson\module\jackson-module-parameter-names\2.13.1\jackson-module-parameter-names-2.13.1.jar;C:\
Launcher Type: SUN_STANDARD

[Global flags]
     intx CICompilerCount                          = 4                                         {product} {ergonomic}
     uint ConcGCThreads                            = 3                                         {product} {ergonomic}
     uint G1ConcRefinementThreads                  = 10                                        {product} {ergonomic}
   size_t G1HeapRegionSize                         = 2097152                                   {product} {ergonomic}
    uintx GCDrainStackTargetSize                   = 64                                        {product} {ergonomic}
   size_t InitialHeapSize                          = 266338304                                 {product} {ergonomic}
   size_t MarkStackSize                            = 4194304                                   {product} {ergonomic}
   size_t MaxHeapSize                              = 4234149888                                {product} {ergonomic}
   size_t MaxNewSize                               = 2539651072                                {product} {ergonomic}
   size_t MinHeapDeltaBytes                        = 2097152                                   {product} {ergonomic}
   size_t MinHeapSize                              = 8388608                                   {product} {ergonomic}
    uintx NonNMethodCodeHeapSize                   = 5839372                                {pd product} {ergonomic}
    uintx NonProfiledCodeHeapSize                  = 122909434                              {pd product} {ergonomic}
    uintx ProfiledCodeHeapSize                     = 122909434                              {pd product} {ergonomic}
    uintx ReservedCodeCacheSize                    = 251658240                              {pd product} {ergonomic}
     bool SegmentedCodeCache                       = true                                      {product} {ergonomic}
     bool ShowCodeDetailsInExceptionMessages       = true                                   {manageable} {command line}
   size_t SoftMaxHeapSize                          = 4234149888                             {manageable} {ergonomic}
     bool UseCompressedClassPointers               = true                           {product lp64_product} {ergonomic}
     bool UseCompressedOops                        = true                           {product lp64_product} {ergonomic}
     bool UseG1GC                                  = true                                      {product} {ergonomic}
     bool UseLargePagesIndividualAllocation        = false                                  {pd product} {ergonomic}

Logging:
Log output configuration:
 #0: stdout all=warning uptime,level,tags
 #1: stderr all=off uptime,level,tags

Environment Variables:
JAVA_HOME=C:\Program Files\Java\jdk-21
PATH=C:\Program Files\Common Files\Oracle\Java\javapath;C:\Python311\Scripts\;C:\Python311\;C:\Windows\system32;C:\Windows;C:\Windows\System32\Wbem;C:\Windows\System32\WindowsPowerShell\v1.0\;C:\Windows\System32\OpenSSH\;C:\Program Files (x86)\NVIDIA Corporation\PhysX\Common;C:\Program Files\NVIDIA Corporation\NVIDIA NvDLISR;C:\WINDOWS\system32;C:\WINDOWS;C:\WINDOWS\System32\Wbem;C:\WINDOWS\System32\WindowsPowerShell\v1.0\;C:\WINDOWS\System32\OpenSSH\;C:\Program Files\dotnet\;C:\Program Files\Microsoft SQL Server\Client SDK\ODBC\170\Tools\Binn\;C:\Program Files (x86)\Microsoft SQL Server\150\Tools\Binn\;C:\Program Files\Microsoft SQL Server\150\Tools\Binn\;C:\Program Files\Microsoft SQL Server\150\DTS\Binn\;C:\Program Files\Microsoft SQL Server\130\Tools\Binn\;C:\Program Files (x86)\Microsoft SQL Server\150\DTS\Binn\;C:\WINDOWS\system32;C:\WINDOWS;C:\WINDOWS\System32\Wbem;C:\WINDOWS\System32\WindowsPowerShell\v1.0\;C:\WINDOWS\System32\OpenSSH\;C:\apache-maven-3.9.1-bin\apache-maven-3.9.1\bin;C:\apache-maven-3.9.1-bin\apache-maven-3.9.1\bin\bin;C:\Program Files\Git\cmd;C:\ProgramData\chocolatey\bin;C:\MinGW\bin;C:\Program Files\Java\jdk-21\bin;C:\Program Files\Common Files\Oracle\Java\javapath;C:\Program Files\PostgreSQL\16\bin;C:\Program Files\PostgreSQL\16\lib;C:\Program Files\nodejs\;C:\Program Files\MySQL\MySQL Shell 8.0\bin\;C:\Users\dell\AppData\Local\Programs\Python\Python310\Scripts\;C:\Users\dell\AppData\Local\Programs\Python\Python310\;C:\Users\dell\AppData\Local\Microsoft\WindowsApps;C:\Users\dell\AppData\Local\JetBrains\PyCharm 2021.3\bin;;C:\Users\dell\AppData\Local\Programs\Microsoft VS Code\bin;C:\Users\dell\.dotnet\tools;C:\Program Files\Azure Data Studio\bin;C:\Users\dell\AppData\Local\GitHubDesktop\bin;C:\dart\bin;C:\AppServ\Apache24\bin;C:\AppServ\php7;C:\AppServ\MySQL\bin;C:\AppServ\Apache24\bin;C:\AppServ\php7;C:\AppServ\MySQL\bin;E:\Program Files\Java\jdk-21;C:\AppServ\Apache24\bin;C:\AppServ\php5;C:\AppServ\MySQL\bin;C:\ProgramData\dell\GitHubDesk
USERNAME=dell
LANG=en_US.UTF-8
OS=Windows_NT
PROCESSOR_IDENTIFIER=Intel64 Family 6 Model 165 Stepping 2, GenuineIntel
TMP=C:\Users\dell\AppData\Local\Temp
TEMP=C:\Users\dell\AppData\Local\Temp



Periodic native trim disabled


---------------  S Y S T E M  ---------------

OS:
 Windows 11 , 64 bit Build 22621 (10.0.22621.3374)
OS uptime: 7 days 2:27 hours

CPU: total 12 (initial active 12) (6 cores per cpu, 2 threads per core) family 6 model 165 stepping 2 microcode 0xf8, cx8, cmov, fxsr, ht, mmx, 3dnowpref, sse, sse2, sse3, ssse3, sse4.1, sse4.2, popcnt, lzcnt, tsc, tscinvbit, avx, avx2, aes, erms, clmul, bmi1, bmi2, adx, fma, vzeroupper, clflush, clflushopt
Processor Information for all 12 processors :
  Max Mhz: 2592, Current Mhz: 2592, Mhz Limit: 2592

Memory: 4k page, system-wide physical 16145M (1664M free)
TotalPageFile size 31178M (AvailPageFile size 75M)
current process WorkingSet (physical memory assigned to process): 300M, peak: 300M
current process commit charge ("private bytes"): 374M, peak: 379M

vm_info: OpenJDK 64-Bit Server VM (17.0.10+7) for windows-amd64 JRE (17.0.10+7), built on Jan 16 2024 23:25:11 by "admin" with MS VC++ 16.10 / 16.11 (VS2019)

END.
